TN:
SF:src\config.ts
FNF:0
FNH:0
DA:1,1
DA:3,1
LF:2
LH:2
BRF:0
BRH:0
end_of_record
TN:
SF:src\helpers.ts
FN:4,(anonymous_0)
FN:8,(anonymous_1)
FN:12,(anonymous_2)
FN:24,(anonymous_3)
FNF:4
FNH:2
FNDA:1,(anonymous_0)
FNDA:0,(anonymous_1)
FNDA:1,(anonymous_2)
FNDA:0,(anonymous_3)
DA:1,1
DA:4,1
DA:5,1
DA:8,1
DA:9,0
DA:12,1
DA:13,1
DA:14,0
DA:17,1
DA:18,0
DA:21,1
DA:24,1
DA:25,0
LF:13
LH:9
BRDA:13,0,0,0
BRDA:13,1,0,1
BRDA:13,1,1,1
BRDA:17,2,0,0
BRDA:17,3,0,1
BRDA:17,3,1,0
BRF:6
BRH:3
end_of_record
TN:
SF:src\services\public-holidays.service.ts
FN:8,(anonymous_14)
FN:8,(anonymous_15)
FN:15,(anonymous_17)
FN:21,(anonymous_18)
FN:21,(anonymous_19)
FN:32,(anonymous_21)
FN:32,(anonymous_22)
FN:39,(anonymous_24)
FNF:8
FNH:2
FNDA:0,(anonymous_14)
FNDA:0,(anonymous_15)
FNDA:0,(anonymous_17)
FNDA:1,(anonymous_18)
FNDA:1,(anonymous_19)
FNDA:0,(anonymous_21)
FNDA:0,(anonymous_22)
FNDA:0,(anonymous_24)
DA:1,1
DA:2,1
DA:3,1
DA:8,1
DA:9,0
DA:12,0
DA:15,0
DA:17,0
DA:21,1
DA:22,1
DA:25,1
DA:26,1
DA:28,0
DA:32,1
DA:33,0
DA:36,0
DA:39,0
DA:41,0
LF:18
LH:9
BRF:0
BRH:0
end_of_record
TN:
SF:src\tests\mocks.ts
FNF:0
FNH:0
DA:3,1
DA:4,1
DA:5,1
LF:3
LH:3
BRF:0
BRH:0
end_of_record
